[2025-09-20 10:24:19] Database connected successfully
[2025-09-20 10:24:19] Received callback data: {"Body":{"stkCallback":{"MerchantRequestID":"0c43-471f-b0cb-f80bcaee5e9e7929341","CheckoutRequestID":"ws_CO_20092025132422581720316175","ResultCode":1032,"ResultDesc":"Request Cancelled by user."}}}
[2025-09-20 10:24:19] Processing transaction - CheckoutRequestID: ws_CO_20092025132422581720316175, ResultCode: 1032
[2025-09-20 10:24:19] ERROR: Unknown column 'updated_at' in 'field list'
[2025-09-20 10:24:19] Sending error response: {"ResultCode":1,"ResultDesc":"Callback received but processing failed"}
[2025-09-20 10:36:53] Database connected successfully
[2025-09-20 10:36:53] Received callback data: {"Body":{"stkCallback":{"MerchantRequestID":"87d4-473b-afd8-130675e11bed7980637","CheckoutRequestID":"ws_CO_20092025133654786720316175","ResultCode":1,"ResultDesc":"The balance is insufficient for the transaction."}}}
[2025-09-20 10:36:53] Processing transaction - CheckoutRequestID: ws_CO_20092025133654786720316175, ResultCode: 1
[2025-09-20 10:36:53] ERROR: Unknown column 'updated_at' in 'field list'
[2025-09-20 10:36:53] Sending error response: {"ResultCode":1,"ResultDesc":"Callback received but processing failed"}
[2025-09-20 10:54:50] Database connected successfully
[2025-09-20 10:54:50] Received callback data: {"Body":{"stkCallback":{"MerchantRequestID":"4747-43e4-93cc-87328b8ab365107534","CheckoutRequestID":"ws_CO_20092025135451818720316175","ResultCode":1032,"ResultDesc":"Request Cancelled by user."}}}
[2025-09-20 10:54:50] Processing transaction - CheckoutRequestID: ws_CO_20092025135451818720316175, ResultCode: 1032
[2025-09-20 10:54:50] ERROR: Unknown column 'updated_at' in 'field list'
[2025-09-20 10:54:50] Sending error response: {"ResultCode":1,"ResultDesc":"Callback received but processing failed"}
[2025-09-20 10:56:08] Database connected successfully
[2025-09-20 10:56:08] Received callback data: {"Body":{"stkCallback":{"MerchantRequestID":"65ce-413b-9b8d-00324ef6d89815642858","CheckoutRequestID":"ws_CO_20092025135609937720316175","ResultCode":0,"ResultDesc":"The service request is processed successfully.","CallbackMetadata":{"Item":[{"Name":"Amount","Value":1},{"Name":"MpesaReceiptNumber","Value":"TIK4QUB1VA"},{"Name":"Balance"},{"Name":"TransactionDate","Value":20250920135619},{"Name":"PhoneNumber","Value":254720316175}]}}}}
[2025-09-20 10:56:08] Processing transaction - CheckoutRequestID: ws_CO_20092025135609937720316175, ResultCode: 0
[2025-09-20 10:56:08] ERROR: Unknown column 'updated_at' in 'field list'
[2025-09-20 10:56:08] Sending error response: {"ResultCode":1,"ResultDesc":"Callback received but processing failed"}
[2025-09-20 11:01:14] Database connected successfully
[2025-09-20 11:01:14] Received callback data: {"Body":{"stkCallback":{"MerchantRequestID":"b6a9-45c4-9d11-0cfcf988c8ea15781845","CheckoutRequestID":"ws_CO_20092025140116841720316175","ResultCode":0,"ResultDesc":"The service request is processed successfully.","CallbackMetadata":{"Item":[{"Name":"Amount","Value":1},{"Name":"MpesaReceiptNumber","Value":"TIK5QV8K73"},{"Name":"Balance"},{"Name":"TransactionDate","Value":20250920140124},{"Name":"PhoneNumber","Value":254720316175}]}}}}
[2025-09-20 11:01:14] Processing transaction - CheckoutRequestID: ws_CO_20092025140116841720316175, ResultCode: 0
[2025-09-20 11:01:14] ERROR: Unknown column 'updated_at' in 'field list'
[2025-09-20 11:01:14] Sending error response: {"ResultCode":1,"ResultDesc":"Callback received but processing failed"}
[2025-09-20 11:04:52] Database connected successfully
[2025-09-20 11:04:52] Received callback data: {"Body":{"stkCallback":{"MerchantRequestID":"40ee-46f1-900f-525ddef1dc3a1820273","CheckoutRequestID":"ws_CO_20092025140454394720316175","ResultCode":0,"ResultDesc":"The service request is processed successfully.","CallbackMetadata":{"Item":[{"Name":"Amount","Value":1},{"Name":"MpesaReceiptNumber","Value":"TIK6QVWS0O"},{"Name":"Balance"},{"Name":"TransactionDate","Value":20250920140503},{"Name":"PhoneNumber","Value":254720316175}]}}}}
[2025-09-20 11:04:52] Processing transaction - CheckoutRequestID: ws_CO_20092025140454394720316175, ResultCode: 0
[2025-09-20 11:04:52] ERROR: Unknown column 'updated_at' in 'field list'
[2025-09-20 11:04:52] Sending error response: {"ResultCode":1,"ResultDesc":"Callback received but processing failed"}
[2025-09-20 11:09:35] Database connected successfully
[2025-09-20 11:09:35] Received callback data: {"Body":{"stkCallback":{"MerchantRequestID":"7301-49f5-ab16-46b4c597eef714930424","CheckoutRequestID":"ws_CO_20092025140937202720316175","ResultCode":0,"ResultDesc":"The service request is processed successfully.","CallbackMetadata":{"Item":[{"Name":"Amount","Value":1},{"Name":"MpesaReceiptNumber","Value":"TIK6QWRU2E"},{"Name":"Balance"},{"Name":"TransactionDate","Value":20250920140945},{"Name":"PhoneNumber","Value":254720316175}]}}}}
[2025-09-20 11:09:35] Processing transaction - CheckoutRequestID: ws_CO_20092025140937202720316175
[2025-09-20 11:09:35] ERROR: Unknown column 'updated_at' in 'field list'
[2025-09-20 11:13:30] Database connected successfully
[2025-09-20 11:13:30] Received callback data: {"Body":{"stkCallback":{"MerchantRequestID":"b6a9-45c4-9d11-0cfcf988c8ea15809168","CheckoutRequestID":"ws_CO_20092025141328835720316175","ResultCode":0,"ResultDesc":"The service request is processed successfully.","CallbackMetadata":{"Item":[{"Name":"Amount","Value":2},{"Name":"MpesaReceiptNumber","Value":"TIK2QXHN58"},{"Name":"Balance"},{"Name":"TransactionDate","Value":20250920141341},{"Name":"PhoneNumber","Value":254720316175}]}}}}
[2025-09-20 11:13:30] Processing transaction - CheckoutRequestID: ws_CO_20092025141328835720316175
[2025-09-20 11:13:30] ERROR: Unknown column 'updated_at' in 'field list'
[2025-09-20 11:21:28] Database connected successfully
[2025-09-20 11:21:28] Received callback: {"Body":{"stkCallback":{"MerchantRequestID":"7301-49f5-ab16-46b4c597eef714957142","CheckoutRequestID":"ws_CO_20092025142131992720316175","ResultCode":0,"ResultDesc":"The service request is processed successfully.","CallbackMetadata":{"Item":[{"Name":"Amount","Value":1},{"Name":"MpesaReceiptNumber","Value":"TIK4QYYKKK"},{"Name":"Balance"},{"Name":"TransactionDate","Value":20250920142139},{"Name":"PhoneNumber","Value":254720316175}]}}}}
[2025-09-20 11:21:28] Updated transaction id 32 - Receipt: TIK4QYYKKK
[2025-09-20 11:27:28] Database connected successfully
[2025-09-20 11:27:28] Received callback: {"Body":{"stkCallback":{"MerchantRequestID":"7301-49f5-ab16-46b4c597eef714971055","CheckoutRequestID":"ws_CO_20092025142732849720316175","ResultCode":0,"ResultDesc":"The service request is processed successfully.","CallbackMetadata":{"Item":[{"Name":"Amount","Value":3},{"Name":"MpesaReceiptNumber","Value":"TIK3R034N1"},{"Name":"Balance"},{"Name":"TransactionDate","Value":20250920142739},{"Name":"PhoneNumber","Value":254720316175}]}}}}
[2025-09-20 11:27:29] Updated transaction id 33 - Receipt: TIK3R034N1
[2025-09-20 11:36:14] Database connected successfully
[2025-09-20 11:36:14] Received callback: {"Body":{"stkCallback":{"MerchantRequestID":"0611-428e-ae51-37b216ea491b1183","CheckoutRequestID":"ws_CO_20092025143615530720316175","ResultCode":0,"ResultDesc":"The service request is processed successfully.","CallbackMetadata":{"Item":[{"Name":"Amount","Value":3},{"Name":"MpesaReceiptNumber","Value":"TIK6R1PD8W"},{"Name":"Balance"},{"Name":"TransactionDate","Value":20250920143625},{"Name":"PhoneNumber","Value":254720316175}]}}}}
[2025-09-20 11:36:14] Updated transaction id 35 - Receipt: TIK6R1PD8W
[2025-09-20 11:52:17] Database connected successfully
[2025-09-20 11:52:17] Received callback: {"Body":{"stkCallback":{"MerchantRequestID":"7d88-4b3d-a151-79a298a3ab6a3384","CheckoutRequestID":"ws_CO_20092025145200149720316175","ResultCode":1037,"ResultDesc":"No response from user."}}}
[2025-09-20 11:52:18] Inserted transaction - CheckoutRequestID: ws_CO_20092025145200149720316175, Receipt: 
[2025-09-20 12:21:10] Database connected successfully
[2025-09-20 12:21:10] Received callback: {"Body":{"stkCallback":{"MerchantRequestID":"7cde-45a8-a337-dc986e5ff01d9558348","CheckoutRequestID":"ws_CO_20092025152110915720316175","ResultCode":0,"ResultDesc":"The service request is processed successfully.","CallbackMetadata":{"Item":[{"Name":"Amount","Value":2},{"Name":"MpesaReceiptNumber","Value":"TIK6R9QX4M"},{"Name":"Balance"},{"Name":"TransactionDate","Value":20250920152120},{"Name":"PhoneNumber","Value":254720316175}]}}}}
[2025-09-20 12:21:10] Updated transaction id 38 - Receipt: TIK6R9QX4M
[2025-09-20 12:25:29] Database connected successfully
[2025-09-20 12:25:29] Received callback: {"Body":{"stkCallback":{"MerchantRequestID":"b6a9-45c4-9d11-0cfcf988c8ea15967713","CheckoutRequestID":"ws_CO_20092025152529807720316175","ResultCode":0,"ResultDesc":"The service request is processed successfully.","CallbackMetadata":{"Item":[{"Name":"Amount","Value":3},{"Name":"MpesaReceiptNumber","Value":"TIK6RAJ0CI"},{"Name":"Balance"},{"Name":"TransactionDate","Value":20250920152539},{"Name":"PhoneNumber","Value":254720316175}]}}}}
[2025-09-20 12:25:29] Updated transaction id 39 - Receipt: TIK6RAJ0CI
[2025-09-20 12:29:43] Database connected successfully
[2025-09-20 12:29:43] Received callback: {"Body":{"stkCallback":{"MerchantRequestID":"8b14-4a74-8937-7d0fed88f42c80072","CheckoutRequestID":"ws_CO_20092025152941831716111163","ResultCode":0,"ResultDesc":"The service request is processed successfully.","CallbackMetadata":{"Item":[{"Name":"Amount","Value":1},{"Name":"MpesaReceiptNumber","Value":"TIK0RBB0Q0"},{"Name":"Balance"},{"Name":"TransactionDate","Value":20250920152954},{"Name":"PhoneNumber","Value":254716111163}]}}}}
[2025-09-20 12:29:44] Updated transaction id 40 - Receipt: TIK0RBB0Q0
[2025-09-20 12:34:51] Database connected successfully
[2025-09-20 12:34:51] Received callback: {"Body":{"stkCallback":{"MerchantRequestID":"c322-433b-be07-2e4df23e59949149","CheckoutRequestID":"ws_CO_20092025153433930716111163","ResultCode":1037,"ResultDesc":"No response from user."}}}
[2025-09-20 12:34:51] Inserted transaction - CheckoutRequestID: ws_CO_20092025153433930716111163, Receipt: 
[2025-09-20 12:37:01] Database connected successfully
[2025-09-20 12:37:01] Received callback: {"Body":{"stkCallback":{"MerchantRequestID":"2bdb-47b9-a1a0-5a89fa9410ff6114","CheckoutRequestID":"ws_CO_20092025153657342716111163","ResultCode":0,"ResultDesc":"The service request is processed successfully.","CallbackMetadata":{"Item":[{"Name":"Amount","Value":1},{"Name":"MpesaReceiptNumber","Value":"TIK2RCMVD2"},{"Name":"Balance"},{"Name":"TransactionDate","Value":20250920153711},{"Name":"PhoneNumber","Value":254716111163}]}}}}
[2025-09-20 12:37:01] Updated transaction id 42 - Receipt: TIK2RCMVD2
[2025-09-20 12:50:06] Database connected successfully
[2025-09-20 12:50:06] Received callback: {"Body":{"stkCallback":{"MerchantRequestID":"773c-4fe5-af62-b016eaf521f378442","CheckoutRequestID":"ws_CO_20092025155007853720316175","ResultCode":0,"ResultDesc":"The service request is processed successfully.","CallbackMetadata":{"Item":[{"Name":"Amount","Value":2},{"Name":"MpesaReceiptNumber","Value":"TIK6REYRYU"},{"Name":"Balance"},{"Name":"TransactionDate","Value":20250920155015},{"Name":"PhoneNumber","Value":254720316175}]}}}}
[2025-09-20 12:50:06] Updated transaction id 44 - Receipt: TIK6REYRYU
[2025-09-20 12:55:58] Database connected successfully
[2025-09-20 12:55:58] Received callback: {"Body":{"stkCallback":{"MerchantRequestID":"7bb1-49b5-a687-181cc6c8932515562308","CheckoutRequestID":"ws_CO_20092025155600644720316175","ResultCode":0,"ResultDesc":"The service request is processed successfully.","CallbackMetadata":{"Item":[{"Name":"Amount","Value":5},{"Name":"MpesaReceiptNumber","Value":"TIK0RG1AVA"},{"Name":"Balance"},{"Name":"TransactionDate","Value":20250920155609},{"Name":"PhoneNumber","Value":254720316175}]}}}}
[2025-09-20 12:55:59] Updated transaction id 45 - Receipt: TIK0RG1AVA
[2025-09-20 12:59:41] Database connected successfully
[2025-09-20 12:59:41] Received callback: {"Body":{"stkCallback":{"MerchantRequestID":"69c7-4f0b-a7a0-577ffe80ba74618","CheckoutRequestID":"ws_CO_20092025155944379720316175","ResultCode":0,"ResultDesc":"The service request is processed successfully.","CallbackMetadata":{"Item":[{"Name":"Amount","Value":2},{"Name":"MpesaReceiptNumber","Value":"TIK4RGP8UI"},{"Name":"Balance"},{"Name":"TransactionDate","Value":20250920155952},{"Name":"PhoneNumber","Value":254720316175}]}}}}
[2025-09-20 12:59:41] Updated transaction id 46 - Receipt: TIK4RGP8UI
[2025-09-20 13:08:30] Database connected successfully
[2025-09-20 13:08:30] Received callback: {"Body":{"stkCallback":{"MerchantRequestID":"7cde-45a8-a337-dc986e5ff01d9666236","CheckoutRequestID":"ws_CO_20092025160833155720316175","ResultCode":0,"ResultDesc":"The service request is processed successfully.","CallbackMetadata":{"Item":[{"Name":"Amount","Value":3},{"Name":"MpesaReceiptNumber","Value":"TIK7RI9Y3L"},{"Name":"Balance"},{"Name":"TransactionDate","Value":20250920160840},{"Name":"PhoneNumber","Value":254720316175}]}}}}
[2025-09-20 13:08:30] Updated transaction id 47 - Receipt: TIK7RI9Y3L
[2025-09-20 13:11:12] Database connected successfully
[2025-09-20 13:11:12] Received callback: {"Body":{"stkCallback":{"MerchantRequestID":"3bfd-4afe-8aab-091d87fc52e01853","CheckoutRequestID":"ws_CO_20092025161114012720316175","ResultCode":0,"ResultDesc":"The service request is processed successfully.","CallbackMetadata":{"Item":[{"Name":"Amount","Value":1},{"Name":"MpesaReceiptNumber","Value":"TIK8RIREIY"},{"Name":"Balance"},{"Name":"TransactionDate","Value":20250920161121},{"Name":"PhoneNumber","Value":254720316175}]}}}}
[2025-09-20 13:11:12] Updated transaction id 48 - Receipt: TIK8RIREIY
[2025-09-20 13:27:22] Database connected successfully
[2025-09-20 13:27:22] Received callback: {"Body":{"stkCallback":{"MerchantRequestID":"f9d6-4341-b912-f7aabbc150a315632","CheckoutRequestID":"ws_CO_20092025162703065720316175","ResultCode":0,"ResultDesc":"The service request is processed successfully.","CallbackMetadata":{"Item":[{"Name":"Amount","Value":1},{"Name":"MpesaReceiptNumber","Value":"TIK6RLPCZ6"},{"Name":"Balance"},{"Name":"TransactionDate","Value":20250920162715},{"Name":"PhoneNumber","Value":254720316175}]}}}}
[2025-09-20 13:27:22] Updated transaction id 49 - Receipt: TIK6RLPCZ6
[2025-09-20 13:27:28] Database connected successfully
[2025-09-20 13:27:28] Received callback: {"Body":{"stkCallback":{"MerchantRequestID":"f9d6-4341-b912-f7aabbc150a315632","CheckoutRequestID":"ws_CO_20092025162703065720316175","ResultCode":0,"ResultDesc":"The service request is processed successfully.","CallbackMetadata":{"Item":[{"Name":"Amount","Value":1},{"Name":"MpesaReceiptNumber","Value":"TIK6RLPCZ6"},{"Name":"Balance"},{"Name":"TransactionDate","Value":20250920162715},{"Name":"PhoneNumber","Value":254720316175}]}}}}
[2025-09-20 13:27:28] Duplicate callback - CheckoutRequestID: ws_CO_20092025162703065720316175
[2025-09-20 13:31:26] Database connected successfully
[2025-09-20 13:31:26] Received callback: {"Body":{"stkCallback":{"MerchantRequestID":"7cde-45a8-a337-dc986e5ff01d9737330","CheckoutRequestID":"ws_CO_20092025163129260720316175","ResultCode":0,"ResultDesc":"The service request is processed successfully.","CallbackMetadata":{"Item":[{"Name":"Amount","Value":1},{"Name":"MpesaReceiptNumber","Value":"TIK9RMK9XX"},{"Name":"Balance"},{"Name":"TransactionDate","Value":20250920163136},{"Name":"PhoneNumber","Value":254720316175}]}}}}
[2025-09-20 13:31:26] Updated transaction id 50 - Receipt: TIK9RMK9XX
[2025-09-20 13:39:10] Database connected successfully
[2025-09-20 13:39:10] Received callback: {"Body":{"stkCallback":{"MerchantRequestID":"b6a9-45c4-9d11-0cfcf988c8ea16166976","CheckoutRequestID":"ws_CO_20092025163913662720316175","ResultCode":0,"ResultDesc":"The service request is processed successfully.","CallbackMetadata":{"Item":[{"Name":"Amount","Value":1},{"Name":"MpesaReceiptNumber","Value":"TIK8RO2INO"},{"Name":"Balance"},{"Name":"TransactionDate","Value":20250920163920},{"Name":"PhoneNumber","Value":254720316175}]}}}}
[2025-09-20 13:39:10] Updated transaction id 51 - Receipt: TIK8RO2INO
[2025-09-20 15:58:13] Database connected successfully
[2025-09-20 15:58:13] Received callback: {"Body":{"stkCallback":{"MerchantRequestID":"65ce-413b-9b8d-00324ef6d89816587900","CheckoutRequestID":"ws_CO_20092025185811141720316175","ResultCode":0,"ResultDesc":"The service request is processed successfully.","CallbackMetadata":{"Item":[{"Name":"Amount","Value":1},{"Name":"MpesaReceiptNumber","Value":"TIK3SKZGNB"},{"Name":"Balance"},{"Name":"TransactionDate","Value":20250920185824},{"Name":"PhoneNumber","Value":254720316175}]}}}}
[2025-09-20 15:58:14] Updated transaction id 52 - Receipt: TIK3SKZGNB
[2025-09-20 16:15:57] Database connected successfully
[2025-09-20 16:15:57] Received callback: {"Body":{"stkCallback":{"MerchantRequestID":"140c-4789-9760-3b518112e6689669496","CheckoutRequestID":"ws_CO_20092025191555519720316175","ResultCode":0,"ResultDesc":"The service request is processed successfully.","CallbackMetadata":{"Item":[{"Name":"Amount","Value":1},{"Name":"MpesaReceiptNumber","Value":"TIK3SQE8A7"},{"Name":"Balance"},{"Name":"TransactionDate","Value":20250920191608},{"Name":"PhoneNumber","Value":254720316175}]}}}}
[2025-09-20 16:15:58] Updated transaction id 53 - Receipt: TIK3SQE8A7
[2025-09-20 16:18:47] Database connected successfully
[2025-09-20 16:18:47] Received callback: {"Body":{"stkCallback":{"MerchantRequestID":"140c-4789-9760-3b518112e6689688614","CheckoutRequestID":"ws_CO_20092025191849365720316175","ResultCode":0,"ResultDesc":"The service request is processed successfully.","CallbackMetadata":{"Item":[{"Name":"Amount","Value":3},{"Name":"MpesaReceiptNumber","Value":"TIK7SR9GCP"},{"Name":"Balance"},{"Name":"TransactionDate","Value":20250920191858},{"Name":"PhoneNumber","Value":254720316175}]}}}}
[2025-09-20 16:18:47] Updated transaction id 54 - Receipt: TIK7SR9GCP
[2025-09-20 16:23:11] Database connected successfully
[2025-09-20 16:23:11] Received callback: {"Body":{"stkCallback":{"MerchantRequestID":"b6a9-45c4-9d11-0cfcf988c8ea16875189","CheckoutRequestID":"ws_CO_20092025192313079720316175","ResultCode":0,"ResultDesc":"The service request is processed successfully.","CallbackMetadata":{"Item":[{"Name":"Amount","Value":1},{"Name":"MpesaReceiptNumber","Value":"TIK9SSL5BV"},{"Name":"Balance"},{"Name":"TransactionDate","Value":20250920192322},{"Name":"PhoneNumber","Value":254720316175}]}}}}
[2025-09-20 16:23:12] Updated transaction id 55 - Receipt: TIK9SSL5BV
[2025-09-20 16:27:27] Database connected successfully
[2025-09-20 16:27:27] Received callback: {"Body":{"stkCallback":{"MerchantRequestID":"b6a9-45c4-9d11-0cfcf988c8ea16905493","CheckoutRequestID":"ws_CO_20092025192726963720316175","ResultCode":0,"ResultDesc":"The service request is processed successfully.","CallbackMetadata":{"Item":[{"Name":"Amount","Value":1},{"Name":"MpesaReceiptNumber","Value":"TIK5STWWF9"},{"Name":"Balance"},{"Name":"TransactionDate","Value":20250920192737},{"Name":"PhoneNumber","Value":254720316175}]}}}}
[2025-09-20 16:27:27] Updated transaction id 56 - Receipt: TIK5STWWF9
[2025-09-20 16:36:07] Database connected successfully
[2025-09-20 16:36:07] Received callback: {"Body":{"stkCallback":{"MerchantRequestID":"140c-4789-9760-3b518112e6689809692","CheckoutRequestID":"ws_CO_20092025193606392720316175","ResultCode":0,"ResultDesc":"The service request is processed successfully.","CallbackMetadata":{"Item":[{"Name":"Amount","Value":1},{"Name":"MpesaReceiptNumber","Value":"TIK9SWJRIP"},{"Name":"Balance"},{"Name":"TransactionDate","Value":20250920193618},{"Name":"PhoneNumber","Value":254720316175}]}}}}
[2025-09-20 16:36:07] Updated transaction id 57 - Receipt: TIK9SWJRIP
[2025-09-20 16:36:11] Forwarded to VB.NET API: {"CheckoutRequestID":"ws_CO_20092025193606392720316175","MpesaReceiptNumber":"TIK9SWJRIP","ResultCode":0,"ResultDesc":"The service request is processed successfully.","StatusMessage":"The service request is processed successfully.","PhoneNumber":254720316175,"Amount":1,"TransactionDate":"2025-09-20 19:36:18"} Response: 
[2025-09-20 16:41:04] Database connected successfully
[2025-09-20 16:41:04] Received callback: {"Body":{"stkCallback":{"MerchantRequestID":"65ce-413b-9b8d-00324ef6d89816870943","CheckoutRequestID":"ws_CO_20092025194105123720316175","ResultCode":0,"ResultDesc":"The service request is processed successfully.","CallbackMetadata":{"Item":[{"Name":"Amount","Value":1},{"Name":"MpesaReceiptNumber","Value":"TIK0SY20MY"},{"Name":"Balance"},{"Name":"TransactionDate","Value":20250920194114},{"Name":"PhoneNumber","Value":254720316175}]}}}}
[2025-09-20 16:41:04] Updated transaction id 58 - Receipt: TIK0SY20MY
[2025-09-20 16:41:07] Forwarded to VB.NET API: {"CheckoutRequestID":"ws_CO_20092025194105123720316175","MpesaReceiptNumber":"TIK0SY20MY","ResultCode":0,"ResultDesc":"The service request is processed successfully.","StatusMessage":"The service request is processed successfully.","PhoneNumber":254720316175,"Amount":1,"TransactionDate":"2025-09-20 19:41:14"} Response: 
[2025-09-20 16:52:38] MySQL connected
[2025-09-20 17:00:32] MySQL connected
[2025-09-20 17:04:31] MySQL connected
[2025-09-20 17:07:10] Database connected successfully
[2025-09-20 17:07:10] Received callback: {"Body":{"stkCallback":{"MerchantRequestID":"7cde-45a8-a337-dc986e5ff01d10760061","CheckoutRequestID":"ws_CO_20092025200711466720316175","ResultCode":0,"ResultDesc":"The service request is processed successfully.","CallbackMetadata":{"Item":[{"Name":"Amount","Value":1},{"Name":"MpesaReceiptNumber","Value":"TIK7T5H9LL"},{"Name":"Balance"},{"Name":"TransactionDate","Value":20250920200720},{"Name":"PhoneNumber","Value":254720316175}]}}}}
[2025-09-20 17:07:10] Updated transaction id 62 - Receipt: TIK7T5H9LL
[2025-09-20 17:07:13] Forwarded to VB.NET API: {"CheckoutRequestID":"ws_CO_20092025200711466720316175","MpesaReceiptNumber":"TIK7T5H9LL","ResultCode":0,"ResultDesc":"The service request is processed successfully.","StatusMessage":"The service request is processed successfully.","PhoneNumber":254720316175,"Amount":1,"TransactionDate":"2025-09-20 20:07:20"} Response: 
[2025-09-20 17:20:44] Database connected successfully
[2025-09-20 17:20:44] Received callback: {"Body":{"stkCallback":{"MerchantRequestID":"65ce-413b-9b8d-00324ef6d89817116869","CheckoutRequestID":"ws_CO_20092025202052497720316175","ResultCode":1037,"ResultDesc":"DS timeout user cannot be reached."}}}
[2025-09-20 17:20:44] Updated transaction id 63 - Receipt: 
[2025-09-20 17:21:46] Database connected successfully
[2025-09-20 17:21:46] Received callback: {"Body":{"stkCallback":{"MerchantRequestID":"7bb1-49b5-a687-181cc6c8932516776747","CheckoutRequestID":"ws_CO_20092025202149840720316175","ResultCode":0,"ResultDesc":"The service request is processed successfully.","CallbackMetadata":{"Item":[{"Name":"Amount","Value":1},{"Name":"MpesaReceiptNumber","Value":"TIK0T8YFNG"},{"Name":"Balance"},{"Name":"TransactionDate","Value":20250920202157},{"Name":"PhoneNumber","Value":254720316175}]}}}}
[2025-09-20 17:21:47] Updated transaction id 64 - Receipt: TIK0T8YFNG
[2025-09-20 19:30:09] Database connected successfully
[2025-09-20 19:30:09] Received callback: {"Body":{"stkCallback":{"MerchantRequestID":"ab54-4c62-a5e8-ae4713ebd4e5184925","CheckoutRequestID":"ws_CO_20092025222938592116643272","ResultCode":1037,"ResultDesc":"DS timeout user cannot be reached."}}}
[2025-09-20 19:30:09] ERROR: Unknown column 'updated_at' in 'field list'
[2025-09-20 19:31:05] Database connected successfully
[2025-09-20 19:31:05] Received callback: {"Body":{"stkCallback":{"MerchantRequestID":"ab62-4fd1-8f7a-9893b43cf685273821","CheckoutRequestID":"ws_CO_20092025223034063116643272","ResultCode":1037,"ResultDesc":"DS timeout user cannot be reached."}}}
[2025-09-20 19:31:05] ERROR: Unknown column 'updated_at' in 'field list'
[2025-09-20 19:31:44] Database connected successfully
[2025-09-20 19:31:44] Received callback: {"Body":{"stkCallback":{"MerchantRequestID":"69f4-49bb-8bbb-8dec49e9bb4a261713","CheckoutRequestID":"ws_CO_20092025223108239116643272","ResultCode":0,"ResultDesc":"The service request is processed successfully.","CallbackMetadata":{"Item":[{"Name":"Amount","Value":1},{"Name":"MpesaReceiptNumber","Value":"TIK5TYH717"},{"Name":"Balance"},{"Name":"TransactionDate","Value":20250920223155},{"Name":"PhoneNumber","Value":254116643272}]}}}}
[2025-09-20 19:31:44] ERROR: Unknown column 'updated_at' in 'field list'
[2025-09-21 02:59:00] Database connected successfully
[2025-09-21 02:59:00] Received callback: {"Body":{"stkCallback":{"MerchantRequestID":"69f4-49bb-8bbb-8dec49e9bb4a902372","CheckoutRequestID":"ws_CO_21092025055901906116643272","ResultCode":2001,"ResultDesc":"The initiator information is invalid."}}}
[2025-09-21 02:59:00] ERROR: Unknown column 'updated_at' in 'field list'
[2025-09-21 03:01:29] Database connected successfully
[2025-09-21 03:01:29] Received callback: {"Body":{"stkCallback":{"MerchantRequestID":"da93-49db-ab57-30ddd796eb7b481856","CheckoutRequestID":"ws_CO_21092025060126189116643272","ResultCode":0,"ResultDesc":"The service request is processed successfully.","CallbackMetadata":{"Item":[{"Name":"Amount","Value":1},{"Name":"MpesaReceiptNumber","Value":"TIL5UCX30H"},{"Name":"Balance"},{"Name":"TransactionDate","Value":20250921060140},{"Name":"PhoneNumber","Value":254116643272}]}}}}
[2025-09-21 03:01:29] ERROR: Unknown column 'updated_at' in 'field list'
[2025-09-21 03:09:23] Database connected successfully
[2025-09-21 03:09:23] Received callback: {"Body":{"stkCallback":{"MerchantRequestID":"6860-443e-b611-d7dab0063d6b981429","CheckoutRequestID":"ws_CO_21092025060926013116643272","ResultCode":0,"ResultDesc":"The service request is processed successfully.","CallbackMetadata":{"Item":[{"Name":"Amount","Value":1},{"Name":"MpesaReceiptNumber","Value":"TIL8UD57KI"},{"Name":"Balance"},{"Name":"TransactionDate","Value":20250921060934},{"Name":"PhoneNumber","Value":254116643272}]}}}}
[2025-09-21 03:09:23] Updated transaction id 8 - Receipt: TIL8UD57KI
[2025-09-21 03:09:25] Forwarded to VB.NET API: {"CheckoutRequestID":"ws_CO_21092025060926013116643272","MpesaReceiptNumber":"TIL8UD57KI","ResultCode":0,"ResultDesc":"The service request is processed successfully.","StatusMessage":"The service request is processed successfully.","PhoneNumber":254116643272,"Amount":1,"TransactionDate":"2025-09-21 06:09:34"} Response: 
[2025-09-28 07:46:34] [INFO] === M-Pesa Callback Started ===
[2025-09-28 07:46:34] [INFO] Raw callback received: {"Body":{"stkCallback":{"MerchantRequestID":"19b0-4238-a142-5cf6725ad1b97062778","CheckoutRequestID":"ws_CO_28092025104617433720316175","ResultCode":1037,"ResultDesc":"No response from user."}}}
[2025-09-28 07:46:34] [INFO] Processing callback - CheckoutRequestID: ws_CO_28092025104617433720316175, ResultCode: 1037
[2025-09-28 07:46:34] [INFO] Failed transaction - ResultCode: 1037, ResultDesc: No response from user.
[2025-09-28 07:46:34] [ERROR] FATAL ERROR: Connection refused
[2025-09-28 07:46:34] [INFO] === M-Pesa Callback Completed with Errors ===
[2025-09-28 07:51:43] [INFO] === M-Pesa Callback Started ===
[2025-09-28 07:51:43] [INFO] Raw callback received: {"Body":{"stkCallback":{"MerchantRequestID":"9600-4b48-822d-c4dc6fbbba3713593137","CheckoutRequestID":"ws_CO_28092025105140869720316175","ResultCode":1032,"ResultDesc":"Request Cancelled by user."}}}
[2025-09-28 07:51:43] [INFO] Processing callback - CheckoutRequestID: ws_CO_28092025105140869720316175, ResultCode: 1032
[2025-09-28 07:51:43] [INFO] Failed transaction - ResultCode: 1032, ResultDesc: Request Cancelled by user.
[2025-09-28 07:51:43] [ERROR] FATAL ERROR: Connection refused
[2025-09-28 07:51:43] [INFO] === M-Pesa Callback Completed with Errors ===
[2025-09-28 07:51:44] [INFO] === M-Pesa Callback Started ===
[2025-09-28 07:51:44] [INFO] Raw callback received: {"Body":{"stkCallback":{"MerchantRequestID":"9600-4b48-822d-c4dc6fbbba3713593137","CheckoutRequestID":"ws_CO_28092025105140869720316175","ResultCode":1032,"ResultDesc":"Request Cancelled by user."}}}
[2025-09-28 07:51:44] [INFO] Processing callback - CheckoutRequestID: ws_CO_28092025105140869720316175, ResultCode: 1032
[2025-09-28 07:51:44] [INFO] Failed transaction - ResultCode: 1032, ResultDesc: Request Cancelled by user.
[2025-09-28 07:51:44] [ERROR] FATAL ERROR: Connection refused
[2025-09-28 07:51:44] [INFO] === M-Pesa Callback Completed with Errors ===
[2025-09-28 07:52:10] [INFO] === M-Pesa Callback Started ===
[2025-09-28 07:52:10] [INFO] Raw callback received: {"Body":{"stkCallback":{"MerchantRequestID":"19b0-4238-a142-5cf6725ad1b97079029","CheckoutRequestID":"ws_CO_28092025105208199720316175","ResultCode":0,"ResultDesc":"The service request is processed successfully.","CallbackMetadata":{"Item":[{"Name":"Amount","Value":1},{"Name":"MpesaReceiptNumber","Value":"TISR65V0NX"},{"Name":"Balance"},{"Name":"TransactionDate","Value":20250928105218},{"Name":"PhoneNumber","Value":254720316175}]}}}}
[2025-09-28 07:52:10] [INFO] Processing callback - CheckoutRequestID: ws_CO_28092025105208199720316175, ResultCode: 0
[2025-09-28 07:52:10] [INFO] Successful transaction - Receipt: TISR65V0NX, Amount: 1, Phone: 254720316175
[2025-09-28 07:52:10] [ERROR] FATAL ERROR: Connection refused
[2025-09-28 07:52:10] [INFO] === M-Pesa Callback Completed with Errors ===
[2025-09-28 07:54:56] [INFO] === M-Pesa Callback Started ===
[2025-09-28 07:54:56] [INFO] Raw callback received: {"Body":{"stkCallback":{"MerchantRequestID":"6860-443e-b611-d7dab0063d6b14992073","CheckoutRequestID":"ws_CO_28092025105454589720316175","ResultCode":0,"ResultDesc":"The service request is processed successfully.","CallbackMetadata":{"Item":[{"Name":"Amount","Value":1},{"Name":"MpesaReceiptNumber","Value":"TISR65V6NN"},{"Name":"Balance"},{"Name":"TransactionDate","Value":20250928105503},{"Name":"PhoneNumber","Value":254720316175}]}}}}
[2025-09-28 07:54:56] [INFO] Processing callback - CheckoutRequestID: ws_CO_28092025105454589720316175, ResultCode: 0
[2025-09-28 07:54:56] [INFO] Successful transaction - Receipt: TISR65V6NN, Amount: 1, Phone: 254720316175
[2025-09-28 07:54:56] [ERROR] FATAL ERROR: Connection refused
[2025-09-28 07:54:56] [INFO] === M-Pesa Callback Completed with Errors ===
[2025-09-28 08:09:04] Database connected successfully
[2025-09-28 08:09:04] Received callback: {"Body":{"stkCallback":{"MerchantRequestID":"babe-4f35-a1d0-c145af9f7c865656795","CheckoutRequestID":"ws_CO_28092025110912178720316175","ResultCode":1037,"ResultDesc":"DS timeout user cannot be reached."}}}
[2025-09-28 08:09:04] Inserted transaction - CheckoutRequestID: ws_CO_28092025110912178720316175, Receipt: 
[2025-09-28 08:09:07] Forwarded to VB.NET API: {"CheckoutRequestID":"ws_CO_28092025110912178720316175","MpesaReceiptNumber":"","ResultCode":1037,"ResultDesc":"DS timeout user cannot be reached.","StatusMessage":"DS timeout user cannot be reached.","PhoneNumber":"","Amount":null,"TransactionDate":"2025-09-28 08:09:04"} Response: 
[2025-09-28 08:09:32] Database connected successfully
[2025-09-28 08:09:32] Received callback: {"Body":{"stkCallback":{"MerchantRequestID":"86ce-47b2-8d3a-064ee74c20ac5240871","CheckoutRequestID":"ws_CO_28092025110937527720316175","ResultCode":1032,"ResultDesc":"Request Cancelled by user."}}}
[2025-09-28 08:09:32] Inserted transaction - CheckoutRequestID: ws_CO_28092025110937527720316175, Receipt: 
[2025-09-28 08:09:35] Forwarded to VB.NET API: {"CheckoutRequestID":"ws_CO_28092025110937527720316175","MpesaReceiptNumber":"","ResultCode":1032,"ResultDesc":"Request Cancelled by user.","StatusMessage":"Request Cancelled by user.","PhoneNumber":"","Amount":null,"TransactionDate":"2025-09-28 08:09:32"} Response: 
[2025-09-28 08:19:55] Database connected successfully
[2025-09-28 08:19:55] Received callback: {"Body":{"stkCallback":{"MerchantRequestID":"86ce-47b2-8d3a-064ee74c20ac5252345","CheckoutRequestID":"ws_CO_28092025111955420720316175","ResultCode":0,"ResultDesc":"The service request is processed successfully.","CallbackMetadata":{"Item":[{"Name":"Amount","Value":1},{"Name":"MpesaReceiptNumber","Value":"TISR65V5HH"},{"Name":"Balance"},{"Name":"TransactionDate","Value":20250928112006},{"Name":"PhoneNumber","Value":254720316175}]}}}}
[2025-09-28 08:19:55] Inserted transaction - CheckoutRequestID: ws_CO_28092025111955420720316175, Receipt: TISR65V5HH
[2025-09-28 08:19:58] Forwarded to VB.NET API: {"CheckoutRequestID":"ws_CO_28092025111955420720316175","MpesaReceiptNumber":"TISR65V5HH","ResultCode":0,"ResultDesc":"The service request is processed successfully.","StatusMessage":"The service request is processed successfully.","PhoneNumber":254720316175,"Amount":1,"TransactionDate":"2025-09-28 11:20:06"} Response: 
[2025-09-28 09:27:13] Database connected successfully
[2025-09-28 09:27:13] Received callback: {"Body":{"stkCallback":{"MerchantRequestID":"9691-41a9-a23e-3dbadd7f84871951706","CheckoutRequestID":"ws_CO_28092025122715915720316175","ResultCode":1032,"ResultDesc":"Request Cancelled by user."}}}
[2025-09-28 09:27:14] Inserted transaction - CheckoutRequestID: ws_CO_28092025122715915720316175, Receipt: 
[2025-09-28 09:27:18] Forwarded to VB.NET API: {"CheckoutRequestID":"ws_CO_28092025122715915720316175","MpesaReceiptNumber":"","ResultCode":1032,"ResultDesc":"Request Cancelled by user.","StatusMessage":"Request Cancelled by user.","PhoneNumber":"","Amount":null,"TransactionDate":"2025-09-28 09:27:13"} Response: 
[2025-09-28 09:27:24] Database connected successfully
[2025-09-28 09:27:24] Received callback: {"Body":{"stkCallback":{"MerchantRequestID":"9691-41a9-a23e-3dbadd7f84871951706","CheckoutRequestID":"ws_CO_28092025122715915720316175","ResultCode":1032,"ResultDesc":"Request Cancelled by user."}}}
[2025-09-28 09:27:24] Duplicate callback - CheckoutRequestID: ws_CO_28092025122715915720316175
[2025-09-28 09:27:26] Forwarded to VB.NET API: {"CheckoutRequestID":"ws_CO_28092025122715915720316175","MpesaReceiptNumber":"","ResultCode":1032,"ResultDesc":"Request Cancelled by user.","StatusMessage":"Request Cancelled by user.","PhoneNumber":"","Amount":null,"TransactionDate":"2025-09-28 09:27:24"} Response: 
[2025-10-06 18:09:58] Database connected successfully
[2025-10-06 18:09:58] Received callback: {"Body":{"stkCallback":{"MerchantRequestID":"a862-4880-9ddd-f1b50f16f9d33458977","CheckoutRequestID":"ws_CO_06102025210957006720316175","ResultCode":1032,"ResultDesc":"Request Cancelled by user."}}}
[2025-10-06 18:09:58] Inserted transaction - CheckoutRequestID: ws_CO_06102025210957006720316175, Receipt: 
[2025-10-06 18:10:01] Forwarded to VB.NET API: {"CheckoutRequestID":"ws_CO_06102025210957006720316175","MpesaReceiptNumber":"","ResultCode":1032,"ResultDesc":"Request Cancelled by user.","StatusMessage":"Request Cancelled by user.","PhoneNumber":"","Amount":null,"TransactionDate":"2025-10-06 18:09:58"} Response: 
[2025-10-06 18:12:58] Database connected successfully
[2025-10-06 18:12:58] Received callback: {"Body":{"stkCallback":{"MerchantRequestID":"6860-443e-b611-d7dab0063d6b28343405","CheckoutRequestID":"ws_CO_06102025211245983720316175","ResultCode":1032,"ResultDesc":"Request Cancelled by user."}}}
[2025-10-06 18:12:58] Inserted transaction - CheckoutRequestID: ws_CO_06102025211245983720316175, Receipt: 
[2025-10-06 18:13:00] Forwarded to VB.NET API: {"CheckoutRequestID":"ws_CO_06102025211245983720316175","MpesaReceiptNumber":"","ResultCode":1032,"ResultDesc":"Request Cancelled by user.","StatusMessage":"Request Cancelled by user.","PhoneNumber":"","Amount":null,"TransactionDate":"2025-10-06 18:12:58"} Response: 
[2025-10-06 18:13:01] Database connected successfully
[2025-10-06 18:13:01] Received callback: {"Body":{"stkCallback":{"MerchantRequestID":"6860-443e-b611-d7dab0063d6b28343405","CheckoutRequestID":"ws_CO_06102025211245983720316175","ResultCode":1032,"ResultDesc":"Request Cancelled by user."}}}
[2025-10-06 18:13:01] Duplicate callback - CheckoutRequestID: ws_CO_06102025211245983720316175
[2025-10-06 18:13:04] Forwarded to VB.NET API: {"CheckoutRequestID":"ws_CO_06102025211245983720316175","MpesaReceiptNumber":"","ResultCode":1032,"ResultDesc":"Request Cancelled by user.","StatusMessage":"Request Cancelled by user.","PhoneNumber":"","Amount":null,"TransactionDate":"2025-10-06 18:13:01"} Response: 
[2025-10-06 18:31:17] Database connected successfully
[2025-10-06 18:31:17] Received callback: {"Body":{"stkCallback":{"MerchantRequestID":"cbd7-45d6-bb8a-a819e02f3ff519183294","CheckoutRequestID":"ws_CO_06102025213117039720316175","ResultCode":1032,"ResultDesc":"Request Cancelled by user."}}}
[2025-10-06 18:31:17] Inserted transaction - CheckoutRequestID: ws_CO_06102025213117039720316175, Receipt: 
[2025-10-06 18:31:20] Forwarded to VB.NET API: {"CheckoutRequestID":"ws_CO_06102025213117039720316175","MpesaReceiptNumber":"","ResultCode":1032,"ResultDesc":"Request Cancelled by user.","StatusMessage":"Request Cancelled by user.","PhoneNumber":"","Amount":null,"TransactionDate":"2025-10-06 18:31:17"} Response: 
[2025-10-06 18:31:23] Database connected successfully
[2025-10-06 18:31:23] Received callback: {"Body":{"stkCallback":{"MerchantRequestID":"cbd7-45d6-bb8a-a819e02f3ff519183294","CheckoutRequestID":"ws_CO_06102025213117039720316175","ResultCode":1032,"ResultDesc":"Request Cancelled by user."}}}
[2025-10-06 18:31:23] Duplicate callback - CheckoutRequestID: ws_CO_06102025213117039720316175
[2025-10-06 18:31:24] Forwarded to VB.NET API: {"CheckoutRequestID":"ws_CO_06102025213117039720316175","MpesaReceiptNumber":"","ResultCode":1032,"ResultDesc":"Request Cancelled by user.","StatusMessage":"Request Cancelled by user.","PhoneNumber":"","Amount":null,"TransactionDate":"2025-10-06 18:31:23"} Response: 
[2025-10-07 05:35:02] Database connected successfully
[2025-10-07 05:35:02] Received callback: {"Body":{"stkCallback":{"MerchantRequestID":"8ae5-40c9-a58c-a03416c3226d28835836","CheckoutRequestID":"ws_CO_07102025083500132720316175","ResultCode":0,"ResultDesc":"The service request is processed successfully.","CallbackMetadata":{"Item":[{"Name":"Amount","Value":1},{"Name":"MpesaReceiptNumber","Value":"TJ7R66PPSM"},{"Name":"Balance"},{"Name":"TransactionDate","Value":20251007083509},{"Name":"PhoneNumber","Value":254720316175}]}}}}
[2025-10-07 05:35:03] Updated transaction id 17 - Receipt: TJ7R66PPSM
[2025-10-07 05:35:05] Forwarded to VB.NET API: {"CheckoutRequestID":"ws_CO_07102025083500132720316175","MpesaReceiptNumber":"TJ7R66PPSM","ResultCode":0,"ResultDesc":"The service request is processed successfully.","StatusMessage":"The service request is processed successfully.","PhoneNumber":254720316175,"Amount":1,"TransactionDate":"2025-10-07 08:35:09"} Response: 
[2025-10-07 05:35:08] Database connected successfully
[2025-10-07 05:35:08] Received callback: {"Body":{"stkCallback":{"MerchantRequestID":"8ae5-40c9-a58c-a03416c3226d28835836","CheckoutRequestID":"ws_CO_07102025083500132720316175","ResultCode":0,"ResultDesc":"The service request is processed successfully.","CallbackMetadata":{"Item":[{"Name":"Amount","Value":1},{"Name":"MpesaReceiptNumber","Value":"TJ7R66PPSM"},{"Name":"Balance"},{"Name":"TransactionDate","Value":20251007083509},{"Name":"PhoneNumber","Value":254720316175}]}}}}
[2025-10-07 05:35:08] Duplicate callback - CheckoutRequestID: ws_CO_07102025083500132720316175
[2025-10-07 05:35:10] Forwarded to VB.NET API: {"CheckoutRequestID":"ws_CO_07102025083500132720316175","MpesaReceiptNumber":"TJ7R66PPSM","ResultCode":0,"ResultDesc":"The service request is processed successfully.","StatusMessage":"The service request is processed successfully.","PhoneNumber":254720316175,"Amount":1,"TransactionDate":"2025-10-07 08:35:09"} Response: 
[2025-10-07 07:11:55] Database connected successfully
[2025-10-07 07:11:55] Database connected successfully
[2025-10-07 07:11:55] Received callback: {"Body":{"stkCallback":{"MerchantRequestID":"1c16-4e72-8140-ae7f9aa7021d2726248","CheckoutRequestID":"ws_CO_07102025101149548720316175","ResultCode":0,"ResultDesc":"The service request is processed successfully.","CallbackMetadata":{"Item":[{"Name":"Amount","Value":1},{"Name":"MpesaReceiptNumber","Value":"TJ7R66Q3EX"},{"Name":"Balance"},{"Name":"TransactionDate","Value":20251007101157},{"Name":"PhoneNumber","Value":254720316175}]}}}}
[2025-10-07 07:11:55] Received callback: {"Body":{"stkCallback":{"MerchantRequestID":"1c16-4e72-8140-ae7f9aa7021d2726248","CheckoutRequestID":"ws_CO_07102025101149548720316175","ResultCode":0,"ResultDesc":"The service request is processed successfully.","CallbackMetadata":{"Item":[{"Name":"Amount","Value":1},{"Name":"MpesaReceiptNumber","Value":"TJ7R66Q3EX"},{"Name":"Balance"},{"Name":"TransactionDate","Value":20251007101157},{"Name":"PhoneNumber","Value":254720316175}]}}}}
[2025-10-07 07:11:55] Updated transaction id 20 - Receipt: TJ7R66Q3EX
[2025-10-07 07:11:55] Updated transaction id 20 - Receipt: TJ7R66Q3EX
[2025-10-07 07:11:58] Forwarded to VB.NET API: {"CheckoutRequestID":"ws_CO_07102025101149548720316175","MpesaReceiptNumber":"TJ7R66Q3EX","ResultCode":0,"ResultDesc":"The service request is processed successfully.","StatusMessage":"The service request is processed successfully.","PhoneNumber":254720316175,"Amount":1,"TransactionDate":"2025-10-07 10:11:57"} Response: 
[2025-10-07 07:11:58] Forwarded to VB.NET API: {"CheckoutRequestID":"ws_CO_07102025101149548720316175","MpesaReceiptNumber":"TJ7R66Q3EX","ResultCode":0,"ResultDesc":"The service request is processed successfully.","StatusMessage":"The service request is processed successfully.","PhoneNumber":254720316175,"Amount":1,"TransactionDate":"2025-10-07 10:11:57"} Response: 
[2025-10-07 07:23:48] Database connected successfully
[2025-10-07 07:23:48] Received callback: {"Body":{"stkCallback":{"MerchantRequestID":"c6b8-40c0-9ad6-acf2efbbe0cb3972540","CheckoutRequestID":"ws_CO_07102025102347189720316175","ResultCode":0,"ResultDesc":"The service request is processed successfully.","CallbackMetadata":{"Item":[{"Name":"Amount","Value":1},{"Name":"MpesaReceiptNumber","Value":"TJ7R66PXIV"},{"Name":"Balance"},{"Name":"TransactionDate","Value":20251007102357},{"Name":"PhoneNumber","Value":254720316175}]}}}}
[2025-10-07 07:23:48] Updated transaction id 22 - Receipt: TJ7R66PXIV
[2025-10-07 07:23:51] Forwarded to VB.NET API: {"CheckoutRequestID":"ws_CO_07102025102347189720316175","MpesaReceiptNumber":"TJ7R66PXIV","ResultCode":0,"ResultDesc":"The service request is processed successfully.","StatusMessage":"The service request is processed successfully.","PhoneNumber":254720316175,"Amount":1,"TransactionDate":"2025-10-07 10:23:57"} Response: 
[2025-10-07 07:23:54] Database connected successfully
[2025-10-07 07:23:54] Received callback: {"Body":{"stkCallback":{"MerchantRequestID":"c6b8-40c0-9ad6-acf2efbbe0cb3972540","CheckoutRequestID":"ws_CO_07102025102347189720316175","ResultCode":0,"ResultDesc":"The service request is processed successfully.","CallbackMetadata":{"Item":[{"Name":"Amount","Value":1},{"Name":"MpesaReceiptNumber","Value":"TJ7R66PXIV"},{"Name":"Balance"},{"Name":"TransactionDate","Value":20251007102357},{"Name":"PhoneNumber","Value":254720316175}]}}}}
[2025-10-07 07:23:54] Duplicate callback - CheckoutRequestID: ws_CO_07102025102347189720316175
[2025-10-07 07:23:57] Forwarded to VB.NET API: {"CheckoutRequestID":"ws_CO_07102025102347189720316175","MpesaReceiptNumber":"TJ7R66PXIV","ResultCode":0,"ResultDesc":"The service request is processed successfully.","StatusMessage":"The service request is processed successfully.","PhoneNumber":254720316175,"Amount":1,"TransactionDate":"2025-10-07 10:23:57"} Response: 
[2025-10-07 08:31:35] Database connected successfully
[2025-10-07 08:31:35] Received callback: {"Body":{"stkCallback":{"MerchantRequestID":"cd75-4b30-9feb-5474c396952d17253121","CheckoutRequestID":"ws_CO_07102025113134718720316175","ResultCode":0,"ResultDesc":"The service request is processed successfully.","CallbackMetadata":{"Item":[{"Name":"Amount","Value":1},{"Name":"MpesaReceiptNumber","Value":"TJ7R66QAQC"},{"Name":"Balance"},{"Name":"TransactionDate","Value":20251007113141},{"Name":"PhoneNumber","Value":254720316175}]}}}}
[2025-10-07 08:31:35] Updated transaction id 23 - Receipt: TJ7R66QAQC
[2025-10-07 08:31:38] Forwarded to VB.NET API: {"CheckoutRequestID":"ws_CO_07102025113134718720316175","MpesaReceiptNumber":"TJ7R66QAQC","ResultCode":0,"ResultDesc":"The service request is processed successfully.","StatusMessage":"The service request is processed successfully.","PhoneNumber":254720316175,"Amount":1,"TransactionDate":"2025-10-07 11:31:41"} Response: 
[2025-10-07 08:31:38] Database connected successfully
[2025-10-07 08:31:38] Received callback: {"Body":{"stkCallback":{"MerchantRequestID":"cd75-4b30-9feb-5474c396952d17253121","CheckoutRequestID":"ws_CO_07102025113134718720316175","ResultCode":0,"ResultDesc":"The service request is processed successfully.","CallbackMetadata":{"Item":[{"Name":"Amount","Value":1},{"Name":"MpesaReceiptNumber","Value":"TJ7R66QAQC"},{"Name":"Balance"},{"Name":"TransactionDate","Value":20251007113141},{"Name":"PhoneNumber","Value":254720316175}]}}}}
[2025-10-07 08:31:38] Duplicate callback - CheckoutRequestID: ws_CO_07102025113134718720316175
[2025-10-07 08:31:41] Forwarded to VB.NET API: {"CheckoutRequestID":"ws_CO_07102025113134718720316175","MpesaReceiptNumber":"TJ7R66QAQC","ResultCode":0,"ResultDesc":"The service request is processed successfully.","StatusMessage":"The service request is processed successfully.","PhoneNumber":254720316175,"Amount":1,"TransactionDate":"2025-10-07 11:31:41"} Response: 
[2025-10-07 10:23:31] Database connected successfully
[2025-10-07 10:23:31] Received callback: {"Body":{"stkCallback":{"MerchantRequestID":"4042-46bf-9bf7-5b737e3f0c243491756","CheckoutRequestID":"ws_CO_07102025132332610720316175","ResultCode":9999,"ResultDesc":"Error occurred while sending push request."}}}
[2025-10-07 10:23:31] Updated transaction id 25 - Receipt: 
[2025-10-07 10:23:34] Forwarded to VB.NET API: {"CheckoutRequestID":"ws_CO_07102025132332610720316175","MpesaReceiptNumber":"","ResultCode":9999,"ResultDesc":"Error occurred while sending push request.","StatusMessage":"Error occurred while sending push request.","PhoneNumber":"","Amount":null,"TransactionDate":"2025-10-07 10:23:31"} Response: 
[2025-10-07 10:27:48] Database connected successfully
[2025-10-07 10:27:48] Received callback: {"Body":{"stkCallback":{"MerchantRequestID":"1c16-4e72-8140-ae7f9aa7021d3089880","CheckoutRequestID":"ws_CO_07102025132745096720316175","ResultCode":0,"ResultDesc":"The service request is processed successfully.","CallbackMetadata":{"Item":[{"Name":"Amount","Value":1},{"Name":"MpesaReceiptNumber","Value":"TJ7R66QRO7"},{"Name":"Balance"},{"Name":"TransactionDate","Value":20251007132757},{"Name":"PhoneNumber","Value":254720316175}]}}}}
[2025-10-07 10:27:48] Updated transaction id 26 - Receipt: TJ7R66QRO7
[2025-10-07 10:27:51] Forwarded to VB.NET API: {"CheckoutRequestID":"ws_CO_07102025132745096720316175","MpesaReceiptNumber":"TJ7R66QRO7","ResultCode":0,"ResultDesc":"The service request is processed successfully.","StatusMessage":"The service request is processed successfully.","PhoneNumber":254720316175,"Amount":1,"TransactionDate":"2025-10-07 13:27:57"} Response: 
[2025-10-07 10:27:55] Database connected successfully
[2025-10-07 10:27:55] Received callback: {"Body":{"stkCallback":{"MerchantRequestID":"1c16-4e72-8140-ae7f9aa7021d3089880","CheckoutRequestID":"ws_CO_07102025132745096720316175","ResultCode":0,"ResultDesc":"The service request is processed successfully.","CallbackMetadata":{"Item":[{"Name":"Amount","Value":1},{"Name":"MpesaReceiptNumber","Value":"TJ7R66QRO7"},{"Name":"Balance"},{"Name":"TransactionDate","Value":20251007132757},{"Name":"PhoneNumber","Value":254720316175}]}}}}
[2025-10-07 10:27:55] Duplicate callback - CheckoutRequestID: ws_CO_07102025132745096720316175
[2025-10-07 10:27:57] Forwarded to VB.NET API: {"CheckoutRequestID":"ws_CO_07102025132745096720316175","MpesaReceiptNumber":"TJ7R66QRO7","ResultCode":0,"ResultDesc":"The service request is processed successfully.","StatusMessage":"The service request is processed successfully.","PhoneNumber":254720316175,"Amount":1,"TransactionDate":"2025-10-07 13:27:57"} Response: 
[2025-10-07 10:31:36] Database connected successfully
[2025-10-07 10:31:36] Received callback: {"Body":{"stkCallback":{"MerchantRequestID":"17c1-419c-bcd0-d4f92223b1df3092403","CheckoutRequestID":"ws_CO_07102025133136319720316175","ResultCode":0,"ResultDesc":"The service request is processed successfully.","CallbackMetadata":{"Item":[{"Name":"Amount","Value":1},{"Name":"MpesaReceiptNumber","Value":"TJ7R66QOON"},{"Name":"Balance"},{"Name":"TransactionDate","Value":20251007133144},{"Name":"PhoneNumber","Value":254720316175}]}}}}
[2025-10-07 10:31:37] Updated transaction id 27 - Receipt: TJ7R66QOON
[2025-10-07 10:31:39] Forwarded to VB.NET API: {"CheckoutRequestID":"ws_CO_07102025133136319720316175","MpesaReceiptNumber":"TJ7R66QOON","ResultCode":0,"ResultDesc":"The service request is processed successfully.","StatusMessage":"The service request is processed successfully.","PhoneNumber":254720316175,"Amount":1,"TransactionDate":"2025-10-07 13:31:44"} Response: 
[2025-10-07 10:31:43] Database connected successfully
[2025-10-07 10:31:43] Received callback: {"Body":{"stkCallback":{"MerchantRequestID":"17c1-419c-bcd0-d4f92223b1df3092403","CheckoutRequestID":"ws_CO_07102025133136319720316175","ResultCode":0,"ResultDesc":"The service request is processed successfully.","CallbackMetadata":{"Item":[{"Name":"Amount","Value":1},{"Name":"MpesaReceiptNumber","Value":"TJ7R66QOON"},{"Name":"Balance"},{"Name":"TransactionDate","Value":20251007133144},{"Name":"PhoneNumber","Value":254720316175}]}}}}
[2025-10-07 10:31:43] Duplicate callback - CheckoutRequestID: ws_CO_07102025133136319720316175
[2025-10-07 10:31:45] Forwarded to VB.NET API: {"CheckoutRequestID":"ws_CO_07102025133136319720316175","MpesaReceiptNumber":"TJ7R66QOON","ResultCode":0,"ResultDesc":"The service request is processed successfully.","StatusMessage":"The service request is processed successfully.","PhoneNumber":254720316175,"Amount":1,"TransactionDate":"2025-10-07 13:31:44"} Response: 
[2025-10-07 10:34:23] Database connected successfully
[2025-10-07 10:34:23] Received callback: {"Body":{"stkCallback":{"MerchantRequestID":"19cd-45f3-ad71-0bb8b0fcac5c1716825","CheckoutRequestID":"ws_CO_07102025133425380720316175","ResultCode":0,"ResultDesc":"The service request is processed successfully.","CallbackMetadata":{"Item":[{"Name":"Amount","Value":1},{"Name":"MpesaReceiptNumber","Value":"TJ7R66QRRS"},{"Name":"Balance"},{"Name":"TransactionDate","Value":20251007133433},{"Name":"PhoneNumber","Value":254720316175}]}}}}
[2025-10-07 10:34:23] Updated transaction id 28 - Receipt: TJ7R66QRRS
[2025-10-07 10:34:26] Forwarded to VB.NET API: {"CheckoutRequestID":"ws_CO_07102025133425380720316175","MpesaReceiptNumber":"TJ7R66QRRS","ResultCode":0,"ResultDesc":"The service request is processed successfully.","StatusMessage":"The service request is processed successfully.","PhoneNumber":254720316175,"Amount":1,"TransactionDate":"2025-10-07 13:34:33"} Response: 
[2025-10-07 10:47:41] Database connected successfully
[2025-10-07 10:47:41] Received callback: {"Body":{"stkCallback":{"MerchantRequestID":"19cd-45f3-ad71-0bb8b0fcac5c1743897","CheckoutRequestID":"ws_CO_07102025134741319720316175","ResultCode":0,"ResultDesc":"The service request is processed successfully.","CallbackMetadata":{"Item":[{"Name":"Amount","Value":1},{"Name":"MpesaReceiptNumber","Value":"TJ7R66QNFN"},{"Name":"Balance"},{"Name":"TransactionDate","Value":20251007134750},{"Name":"PhoneNumber","Value":254720316175}]}}}}
[2025-10-07 10:47:41] Updated transaction id 29 - Receipt: TJ7R66QNFN
[2025-10-07 10:47:44] Forwarded to VB.NET API: {"CheckoutRequestID":"ws_CO_07102025134741319720316175","MpesaReceiptNumber":"TJ7R66QNFN","ResultCode":0,"ResultDesc":"The service request is processed successfully.","StatusMessage":"The service request is processed successfully.","PhoneNumber":254720316175,"Amount":1,"TransactionDate":"2025-10-07 13:47:50"} Response: 
[2025-10-07 10:47:47] Database connected successfully
[2025-10-07 10:47:47] Received callback: {"Body":{"stkCallback":{"MerchantRequestID":"19cd-45f3-ad71-0bb8b0fcac5c1743897","CheckoutRequestID":"ws_CO_07102025134741319720316175","ResultCode":0,"ResultDesc":"The service request is processed successfully.","CallbackMetadata":{"Item":[{"Name":"Amount","Value":1},{"Name":"MpesaReceiptNumber","Value":"TJ7R66QNFN"},{"Name":"Balance"},{"Name":"TransactionDate","Value":20251007134750},{"Name":"PhoneNumber","Value":254720316175}]}}}}
[2025-10-07 10:47:47] Duplicate callback - CheckoutRequestID: ws_CO_07102025134741319720316175
[2025-10-07 10:47:50] Forwarded to VB.NET API: {"CheckoutRequestID":"ws_CO_07102025134741319720316175","MpesaReceiptNumber":"TJ7R66QNFN","ResultCode":0,"ResultDesc":"The service request is processed successfully.","StatusMessage":"The service request is processed successfully.","PhoneNumber":254720316175,"Amount":1,"TransactionDate":"2025-10-07 13:47:50"} Response: 
[2025-10-07 12:10:53] Database connected successfully
[2025-10-07 12:10:53] Received callback: {"Body":{"stkCallback":{"MerchantRequestID":"6860-443e-b611-d7dab0063d6b29731885","CheckoutRequestID":"ws_CO_07102025151053255725538527","ResultCode":0,"ResultDesc":"The service request is processed successfully.","CallbackMetadata":{"Item":[{"Name":"Amount","Value":2},{"Name":"MpesaReceiptNumber","Value":"TJ7RP6R8HE"},{"Name":"Balance"},{"Name":"TransactionDate","Value":20251007151104},{"Name":"PhoneNumber","Value":254725538527}]}}}}
[2025-10-07 12:10:53] Updated transaction id 30 - Receipt: TJ7RP6R8HE
[2025-10-07 12:10:56] Forwarded to VB.NET API: {"CheckoutRequestID":"ws_CO_07102025151053255725538527","MpesaReceiptNumber":"TJ7RP6R8HE","ResultCode":0,"ResultDesc":"The service request is processed successfully.","StatusMessage":"The service request is processed successfully.","PhoneNumber":254725538527,"Amount":2,"TransactionDate":"2025-10-07 15:11:04"} Response: 
[2025-10-07 12:32:08] Database connected successfully
[2025-10-07 12:32:08] Received callback: {"Body":{"stkCallback":{"MerchantRequestID":"43d2-4104-8e30-1c1d7187bc1e1925009","CheckoutRequestID":"ws_CO_07102025153210987725538527","ResultCode":0,"ResultDesc":"The service request is processed successfully.","CallbackMetadata":{"Item":[{"Name":"Amount","Value":1},{"Name":"MpesaReceiptNumber","Value":"TJ7RP6R5VG"},{"Name":"Balance"},{"Name":"TransactionDate","Value":20251007153219},{"Name":"PhoneNumber","Value":254725538527}]}}}}
[2025-10-07 12:32:09] Updated transaction id 32 - Receipt: TJ7RP6R5VG
[2025-10-07 12:32:11] Forwarded to VB.NET API: {"CheckoutRequestID":"ws_CO_07102025153210987725538527","MpesaReceiptNumber":"TJ7RP6R5VG","ResultCode":0,"ResultDesc":"The service request is processed successfully.","StatusMessage":"The service request is processed successfully.","PhoneNumber":254725538527,"Amount":1,"TransactionDate":"2025-10-07 15:32:19"} Response: 
[2025-10-07 12:52:44] Database connected successfully
[2025-10-07 12:52:44] Received callback: {"Body":{"stkCallback":{"MerchantRequestID":"cbd7-45d6-bb8a-a819e02f3ff520617122","CheckoutRequestID":"ws_CO_07102025155243039720316175","ResultCode":0,"ResultDesc":"The service request is processed successfully.","CallbackMetadata":{"Item":[{"Name":"Amount","Value":1},{"Name":"MpesaReceiptNumber","Value":"TJ7R66R1PV"},{"Name":"Balance"},{"Name":"TransactionDate","Value":20251007155253},{"Name":"PhoneNumber","Value":254720316175}]}}}}
[2025-10-07 12:52:44] Updated transaction id 33 - Receipt: TJ7R66R1PV
[2025-10-07 12:52:47] Forwarded to VB.NET API: {"CheckoutRequestID":"ws_CO_07102025155243039720316175","MpesaReceiptNumber":"TJ7R66R1PV","ResultCode":0,"ResultDesc":"The service request is processed successfully.","StatusMessage":"The service request is processed successfully.","PhoneNumber":254720316175,"Amount":1,"TransactionDate":"2025-10-07 15:52:53"} Response: 
[2025-10-09 17:03:14] Database connected successfully
[2025-10-09 17:03:15] Received callback: {"Body":{"stkCallback":{"MerchantRequestID":"134e-4209-8bef-cc7276ab3f57585577","CheckoutRequestID":"ws_CO_09102025200316222720316175","ResultCode":0,"ResultDesc":"The service request is processed successfully.","CallbackMetadata":{"Item":[{"Name":"Amount","Value":105},{"Name":"MpesaReceiptNumber","Value":"TJ9R66YDAJ"},{"Name":"Balance"},{"Name":"TransactionDate","Value":20251009200323},{"Name":"PhoneNumber","Value":254720316175}]}}}}
[2025-10-09 17:03:15] Updated transaction id 34 - Receipt: TJ9R66YDAJ
[2025-10-09 17:03:19] Forwarded to VB.NET API: {"CheckoutRequestID":"ws_CO_09102025200316222720316175","MpesaReceiptNumber":"TJ9R66YDAJ","ResultCode":0,"ResultDesc":"The service request is processed successfully.","StatusMessage":"The service request is processed successfully.","PhoneNumber":254720316175,"Amount":105,"TransactionDate":"2025-10-09 20:03:23"} Response: 
[2025-10-09 17:03:21] Database connected successfully
[2025-10-09 17:03:21] Received callback: {"Body":{"stkCallback":{"MerchantRequestID":"134e-4209-8bef-cc7276ab3f57585577","CheckoutRequestID":"ws_CO_09102025200316222720316175","ResultCode":0,"ResultDesc":"The service request is processed successfully.","CallbackMetadata":{"Item":[{"Name":"Amount","Value":105},{"Name":"MpesaReceiptNumber","Value":"TJ9R66YDAJ"},{"Name":"Balance"},{"Name":"TransactionDate","Value":20251009200323},{"Name":"PhoneNumber","Value":254720316175}]}}}}
[2025-10-09 17:03:21] Duplicate callback - CheckoutRequestID: ws_CO_09102025200316222720316175
[2025-10-09 17:03:23] Forwarded to VB.NET API: {"CheckoutRequestID":"ws_CO_09102025200316222720316175","MpesaReceiptNumber":"TJ9R66YDAJ","ResultCode":0,"ResultDesc":"The service request is processed successfully.","StatusMessage":"The service request is processed successfully.","PhoneNumber":254720316175,"Amount":105,"TransactionDate":"2025-10-09 20:03:23"} Response: 
[2025-10-09 17:06:57] Database connected successfully
[2025-10-09 17:06:57] Received callback: {"Body":{"stkCallback":{"MerchantRequestID":"4486-4490-aea5-c91ac70fe939413494","CheckoutRequestID":"ws_CO_09102025200656756720316175","ResultCode":0,"ResultDesc":"The service request is processed successfully.","CallbackMetadata":{"Item":[{"Name":"Amount","Value":1},{"Name":"MpesaReceiptNumber","Value":"TJ9R66YGDS"},{"Name":"Balance"},{"Name":"TransactionDate","Value":20251009200702},{"Name":"PhoneNumber","Value":254720316175}]}}}}
[2025-10-09 17:06:57] Updated transaction id 35 - Receipt: TJ9R66YGDS
[2025-10-09 17:06:59] Database connected successfully
[2025-10-09 17:06:59] Received callback: {"Body":{"stkCallback":{"MerchantRequestID":"4486-4490-aea5-c91ac70fe939413494","CheckoutRequestID":"ws_CO_09102025200656756720316175","ResultCode":0,"ResultDesc":"The service request is processed successfully.","CallbackMetadata":{"Item":[{"Name":"Amount","Value":1},{"Name":"MpesaReceiptNumber","Value":"TJ9R66YGDS"},{"Name":"Balance"},{"Name":"TransactionDate","Value":20251009200702},{"Name":"PhoneNumber","Value":254720316175}]}}}}
[2025-10-09 17:06:59] Duplicate callback - CheckoutRequestID: ws_CO_09102025200656756720316175
[2025-10-09 17:06:59] Forwarded to VB.NET API: {"CheckoutRequestID":"ws_CO_09102025200656756720316175","MpesaReceiptNumber":"TJ9R66YGDS","ResultCode":0,"ResultDesc":"The service request is processed successfully.","StatusMessage":"The service request is processed successfully.","PhoneNumber":254720316175,"Amount":1,"TransactionDate":"2025-10-09 20:07:02"} Response: 
[2025-10-09 17:07:01] Forwarded to VB.NET API: {"CheckoutRequestID":"ws_CO_09102025200656756720316175","MpesaReceiptNumber":"TJ9R66YGDS","ResultCode":0,"ResultDesc":"The service request is processed successfully.","StatusMessage":"The service request is processed successfully.","PhoneNumber":254720316175,"Amount":1,"TransactionDate":"2025-10-09 20:07:02"} Response: 
[2025-10-19 11:32:00] Database connected successfully
[2025-10-19 11:32:01] Received callback: {"Body":{"stkCallback":{"MerchantRequestID":"b6f8-4684-8b5f-d792af94b74c11507743","CheckoutRequestID":"ws_CO_19102025143203864720316175","ResultCode":0,"ResultDesc":"The service request is processed successfully.","CallbackMetadata":{"Item":[{"Name":"Amount","Value":1},{"Name":"MpesaReceiptNumber","Value":"TJJR67SSOO"},{"Name":"Balance"},{"Name":"TransactionDate","Value":20251019143210},{"Name":"PhoneNumber","Value":254720316175}]}}}}
[2025-10-19 11:32:01] Updated transaction id 36 - Receipt: TJJR67SSOO
[2025-10-19 11:32:03] Forwarded to VB.NET API: {"CheckoutRequestID":"ws_CO_19102025143203864720316175","MpesaReceiptNumber":"TJJR67SSOO","ResultCode":0,"ResultDesc":"The service request is processed successfully.","StatusMessage":"The service request is processed successfully.","PhoneNumber":254720316175,"Amount":1,"TransactionDate":"2025-10-19 14:32:10"} Response: 
[2025-10-19 11:34:00] Database connected successfully
[2025-10-19 11:34:00] Received callback: {"Body":{"stkCallback":{"MerchantRequestID":"bf39-4f88-8db7-915b800c01649705763","CheckoutRequestID":"ws_CO_19102025143404990720316175","ResultCode":0,"ResultDesc":"The service request is processed successfully.","CallbackMetadata":{"Item":[{"Name":"Amount","Value":1},{"Name":"MpesaReceiptNumber","Value":"TJJR67SMT0"},{"Name":"Balance"},{"Name":"TransactionDate","Value":20251019143412},{"Name":"PhoneNumber","Value":254720316175}]}}}}
[2025-10-19 11:34:01] Updated transaction id 37 - Receipt: TJJR67SMT0
[2025-10-19 11:34:03] Forwarded to VB.NET API: {"CheckoutRequestID":"ws_CO_19102025143404990720316175","MpesaReceiptNumber":"TJJR67SMT0","ResultCode":0,"ResultDesc":"The service request is processed successfully.","StatusMessage":"The service request is processed successfully.","PhoneNumber":254720316175,"Amount":1,"TransactionDate":"2025-10-19 14:34:12"} Response: 
[2025-10-19 11:40:02] Database connected successfully
[2025-10-19 11:40:02] Received callback: {"Body":{"stkCallback":{"MerchantRequestID":"2ef5-4f7f-90cd-5178ea7fc9999802415","CheckoutRequestID":"ws_CO_19102025144004282714013777","ResultCode":0,"ResultDesc":"The service request is processed successfully.","CallbackMetadata":{"Item":[{"Name":"Amount","Value":1},{"Name":"MpesaReceiptNumber","Value":"TJJ5J7VW6R"},{"Name":"Balance"},{"Name":"TransactionDate","Value":20251019144014},{"Name":"PhoneNumber","Value":254714013777}]}}}}
[2025-10-19 11:40:02] Updated transaction id 38 - Receipt: TJJ5J7VW6R
[2025-10-19 11:40:05] Forwarded to VB.NET API: {"CheckoutRequestID":"ws_CO_19102025144004282714013777","MpesaReceiptNumber":"TJJ5J7VW6R","ResultCode":0,"ResultDesc":"The service request is processed successfully.","StatusMessage":"The service request is processed successfully.","PhoneNumber":254714013777,"Amount":1,"TransactionDate":"2025-10-19 14:40:14"} Response: 
[2025-10-20 06:27:39] Database connected successfully
[2025-10-20 06:27:39] Received callback: {"Body":{"stkCallback":{"MerchantRequestID":"1184-4946-aa6b-26fa452905b69079401","CheckoutRequestID":"ws_CO_20102025092740880720316175","ResultCode":0,"ResultDesc":"The service request is processed successfully.","CallbackMetadata":{"Item":[{"Name":"Amount","Value":1},{"Name":"MpesaReceiptNumber","Value":"TJKR67UZ5X"},{"Name":"Balance"},{"Name":"TransactionDate","Value":20251020092750},{"Name":"PhoneNumber","Value":254720316175}]}}}}
[2025-10-20 06:27:39] Updated transaction id 39 - Receipt: TJKR67UZ5X
[2025-10-20 06:27:42] Forwarded to VB.NET API: {"CheckoutRequestID":"ws_CO_20102025092740880720316175","MpesaReceiptNumber":"TJKR67UZ5X","ResultCode":0,"ResultDesc":"The service request is processed successfully.","StatusMessage":"The service request is processed successfully.","PhoneNumber":254720316175,"Amount":1,"TransactionDate":"2025-10-20 09:27:50"} Response: 
[2025-10-20 06:31:36] Database connected successfully
[2025-10-20 06:31:36] Received callback: {"Body":{"stkCallback":{"MerchantRequestID":"0d9d-4847-ba61-2e2c2ef5e20810216440","CheckoutRequestID":"ws_CO_20102025093139341716111163","ResultCode":0,"ResultDesc":"The service request is processed successfully.","CallbackMetadata":{"Item":[{"Name":"Amount","Value":1},{"Name":"MpesaReceiptNumber","Value":"TJKPU7S7L4"},{"Name":"Balance"},{"Name":"TransactionDate","Value":20251020093149},{"Name":"PhoneNumber","Value":254716111163}]}}}}
[2025-10-20 06:31:37] Updated transaction id 40 - Receipt: TJKPU7S7L4
[2025-10-20 06:31:39] Forwarded to VB.NET API: {"CheckoutRequestID":"ws_CO_20102025093139341716111163","MpesaReceiptNumber":"TJKPU7S7L4","ResultCode":0,"ResultDesc":"The service request is processed successfully.","StatusMessage":"The service request is processed successfully.","PhoneNumber":254716111163,"Amount":1,"TransactionDate":"2025-10-20 09:31:49"} Response: 
[2025-10-24 06:02:12] Database connected successfully
[2025-10-24 06:02:12] Received callback: {"Body":{"stkCallback":{"MerchantRequestID":"c93f-4ccd-86bd-324e4cc5ef212464147","CheckoutRequestID":"ws_CO_24102025090214560720316175","ResultCode":0,"ResultDesc":"The service request is processed successfully.","CallbackMetadata":{"Item":[{"Name":"Amount","Value":10},{"Name":"MpesaReceiptNumber","Value":"TJOR6877D3"},{"Name":"Balance"},{"Name":"TransactionDate","Value":20251024090222},{"Name":"PhoneNumber","Value":254720316175}]}}}}
[2025-10-24 06:02:13] Inserted transaction - CheckoutRequestID: ws_CO_24102025090214560720316175, Receipt: TJOR6877D3
[2025-10-24 06:02:15] Forwarded to VB.NET API: {"CheckoutRequestID":"ws_CO_24102025090214560720316175","MpesaReceiptNumber":"TJOR6877D3","ResultCode":0,"ResultDesc":"The service request is processed successfully.","StatusMessage":"The service request is processed successfully.","PhoneNumber":254720316175,"Amount":10,"TransactionDate":"2025-10-24 09:02:22"} Response: 
[2025-10-24 06:02:18] Database connected successfully
[2025-10-24 06:02:18] Received callback: {"Body":{"stkCallback":{"MerchantRequestID":"c93f-4ccd-86bd-324e4cc5ef212464147","CheckoutRequestID":"ws_CO_24102025090214560720316175","ResultCode":0,"ResultDesc":"The service request is processed successfully.","CallbackMetadata":{"Item":[{"Name":"Amount","Value":10},{"Name":"MpesaReceiptNumber","Value":"TJOR6877D3"},{"Name":"Balance"},{"Name":"TransactionDate","Value":20251024090222},{"Name":"PhoneNumber","Value":254720316175}]}}}}
[2025-10-24 06:02:18] Duplicate callback - CheckoutRequestID: ws_CO_24102025090214560720316175
[2025-10-24 06:02:20] Forwarded to VB.NET API: {"CheckoutRequestID":"ws_CO_24102025090214560720316175","MpesaReceiptNumber":"TJOR6877D3","ResultCode":0,"ResultDesc":"The service request is processed successfully.","StatusMessage":"The service request is processed successfully.","PhoneNumber":254720316175,"Amount":10,"TransactionDate":"2025-10-24 09:02:22"} Response: 
[2025-10-24 11:43:40] Database connected successfully
[2025-10-24 11:43:40] Received callback: {"Body":{"stkCallback":{"MerchantRequestID":"b6f8-4684-8b5f-d792af94b74c23877266","CheckoutRequestID":"ws_CO_24102025144341672790027814","ResultCode":0,"ResultDesc":"The service request is processed successfully.","CallbackMetadata":{"Item":[{"Name":"Amount","Value":10},{"Name":"MpesaReceiptNumber","Value":"TJO3A89UKZ"},{"Name":"Balance"},{"Name":"TransactionDate","Value":20251024144352},{"Name":"PhoneNumber","Value":254790027814}]}}}}
[2025-10-24 11:43:40] Inserted transaction - CheckoutRequestID: ws_CO_24102025144341672790027814, Receipt: TJO3A89UKZ
[2025-10-24 11:43:43] Forwarded to VB.NET API: {"CheckoutRequestID":"ws_CO_24102025144341672790027814","MpesaReceiptNumber":"TJO3A89UKZ","ResultCode":0,"ResultDesc":"The service request is processed successfully.","StatusMessage":"The service request is processed successfully.","PhoneNumber":254790027814,"Amount":10,"TransactionDate":"2025-10-24 14:43:52"} Response: 
